  pch.cpp
  01_WinMain.cpp
  Bullet.cpp
  Camera.cpp
  CameraManager.cpp
  Enemy.cpp
  GameObject.cpp
  Image.cpp
  ImageManager.cpp
  Input.cpp
  LoadingScene.cpp
  MainGame + MainProc.cpp
  MainGame.cpp
  Math.cpp
  ObjectManager.cpp
  Player.cpp
  Random.cpp
  Scene.cpp
  Scene1.cpp
  Scene2.cpp
  SceneManager.cpp
  코드를 생성하고 있습니다...
  컴파일하고 있습니다...
  SoundPlayer.cpp
  Time.cpp
  UIBossHP.cpp
  코드를 생성하고 있습니다...
  01_WinMain.vcxproj -> C:\Users\Yuchan\Documents\GitHub\CYC\aaaad\x64\Debug\01_WinMain.exe
